Start testing: Nov 02 21:48 -03
----------------------------------------------------------
1/1 Testing: MakeTeste
1/1 Test: MakeTeste
Command: "/home/victor/Documentos/Programas C++/MEF - UFCA/build/teste"
Directory: /home/victor/Documentos/Programas C++/MEF - UFCA/build
"MakeTeste" start time: Nov 02 21:48 -03
Output:
----------------------------------------------------------
-1
0
-1
1
2
3
-1
4
-1
5
6
7
<end of output>
Test time =   0.00 sec
----------------------------------------------------------
Test Passed.
"MakeTeste" end time: Nov 02 21:48 -03
"MakeTeste" time elapsed: 00:00:00
----------------------------------------------------------

End testing: Nov 02 21:48 -03
